#-----------------------------------------------------------
# Vivado v2019.2 (64-bit)
# SW Build 2708876 on Wed Nov  6 21:39:14 MST 2019
# IP Build 2700528 on Thu Nov  7 00:09:20 MST 2019
# Start of session at: Mon Apr 20 14:04:59 2020
# Process ID: 264494
# Current directory: /home/min/byte_dance_nic/u50_0419
# Command line: vivado
# Log file: /home/min/byte_dance_nic/u50_0419/vivado.log
# Journal file: /home/min/byte_dance_nic/u50_0419/vivado.jou
#-----------------------------------------------------------
start_gui
open_hw_manager
INFO: [IP_Flow 19-234] Refreshing IP repositories
INFO: [IP_Flow 19-1704] No user IP repositories specified
INFO: [IP_Flow 19-2313] Loaded Vivado IP repository '/tools/Xilinx/Vivado/2019.2/data/ip'.
open_hw_manager: Time (s): cpu = 00:00:17 ; elapsed = 00:00:08 . Memory (MB): peak = 6742.465 ; gain = 211.203 ; free physical = 96613 ; free virtual = 135211
connect_hw_server -allow_non_jtag
INFO: [Labtools 27-2285] Connecting to hw_server url TCP:localhost:3121
INFO: [Labtools 27-2222] Launching hw_server...
INFO: [Labtools 27-2221] Launch Output:

****** Xilinx hw_server v2019.2
  **** Build date : Nov  6 2019 at 22:13:42
    ** Copyright 1986-2019 Xilinx, Inc. All Rights Reserved.


INFO: [Labtools 27-3415] Connecting to cs_server url TCP:localhost:3042
INFO: [Labtools 27-3417] Launching cs_server...
INFO: [Labtools 27-2221] Launch Output:
[?1034h

****** Xilinx cs_server v2019.2.0
  **** Build date : Nov 07 2019-13:41:48
    ** Copyright 2017-2019 Xilinx, Inc. All Rights Reserved.



connect_hw_server: Time (s): cpu = 00:00:05 ; elapsed = 00:00:11 . Memory (MB): peak = 6759.938 ; gain = 10.465 ; free physical = 96528 ; free virtual = 135166
open_hw_target
INFO: [Labtoolstcl 44-466] Opening hw_target localhost:3121/xilinx_tcf/Xilinx/000012676ae901
current_hw_device [get_hw_devices xcu50_0]
refresh_hw_device -update_hw_probes false [lindex [get_hw_devices xcu50_0] 0]
INFO: [Labtools 27-2302] Device xcu50 (JTAG device index = 0) is programmed with a design that has 1 ILA core(s).
INFO: [Labtools 27-2302] Device xcu50 (JTAG device index = 0) is programmed with a design that has 1 VIO core(s).
create_hw_cfgmem -hw_device [lindex [get_hw_devices xcu50_0] 0] [lindex [get_cfgmem_parts {mt25qu01g-spi-x1_x2_x4_x8}] 0]
set_property PROGRAM.BLANK_CHECK  0 [ get_property PROGRAM.HW_CFGMEM [lindex [get_hw_devices xcu50_0] 0]]
set_property PROGRAM.ERASE  1 [ get_property PROGRAM.HW_CFGMEM [lindex [get_hw_devices xcu50_0] 0]]
set_property PROGRAM.CFG_PROGRAM  1 [ get_property PROGRAM.HW_CFGMEM [lindex [get_hw_devices xcu50_0] 0]]
set_property PROGRAM.VERIFY  1 [ get_property PROGRAM.HW_CFGMEM [lindex [get_hw_devices xcu50_0] 0]]
set_property PROGRAM.CHECKSUM  0 [ get_property PROGRAM.HW_CFGMEM [lindex [get_hw_devices xcu50_0] 0]]
refresh_hw_device [lindex [get_hw_devices xcu50_0] 0]
INFO: [Labtools 27-2302] Device xcu50 (JTAG device index = 0) is programmed with a design that has 1 ILA core(s).
INFO: [Labtools 27-2302] Device xcu50 (JTAG device index = 0) is programmed with a design that has 1 VIO core(s).
WARNING: [Labtools 27-1347] Unable to find Debug Probes file []. Please update hw_device property [PROBES.FILE]
 Update of hw_probe objects, will be skipped.
WARNING: [Labtools 27-1974] Mismatch between the design programmed into the device xcu50_0 and the probes file(s) .
The device design has 1 ILA core(s) and 1 VIO core(s). 0 ILA core(s) and 0 VIO core(s) are matched in the probes file(s).
Resolution: 
1. Reprogram device with the correct programming file and associated probes file(s) OR
2. Goto device properties and associate the correct probes file(s) with the programming file already programmed in the device.
